-------------------------------------------------------------------------------
Test set: com.java.ums.UmsApplicationTests
-------------------------------------------------------------------------------
Tests run: 1, Failures: 0, Errors: 1, Skipped: 0, Time elapsed: 0.382 s <<< FAILURE! - in com.java.ums.UmsApplicationTests
initializationError(com.java.ums.UmsApplicationTests)  Time elapsed: 0.006 s  <<< ERROR!
java.lang.IllegalStateException: Unable to find a @SpringBootConfiguration, you need to use @ContextConfiguration or @SpringBootTest(classes=...) with your test

